# JRE version: OpenJDK Runtime Environment (8.0_275-b01) (build 1.8.0_275-b01)
# Java VM: OpenJDK 64-Bit Server VM (25.275-b01 mixed mode linux-amd64 compressed oops)
Heap:
 PSYoungGen      total 518656K, used 248331K [0x000000076db00000, 0x0000000798300000, 0x00000007c0000000)
  eden space 501760K, 46% used [0x000000076db00000,0x000000077beaf710,0x000000078c500000)
  from space 16896K, 89% used [0x000000078d780000,0x000000078e6538b0,0x000000078e800000)
  to   space 18944K, 0% used [0x000000078c500000,0x000000078c500000,0x000000078d780000)
 ParOldGen       total 168448K, used 23565K [0x00000006c9000000, 0x00000006d3480000, 0x000000076db00000)
  object space 168448K, 13% used [0x00000006c9000000,0x00000006ca7036f8,0x00000006d3480000)
 Metaspace       used 64333K, capacity 70182K, committed 70312K, reserved 1110016K
  class space    used 8764K, capacity 10093K, committed 10152K, reserved 1048576K
GC Heap History (78 events):
Event: 0.319 GC heap before
{Heap before GC invocations=1 (full 0):
 PSYoungGen      total 74240K, used 64000K [0x000000076db00000, 0x0000000772d80000, 0x00000007c0000000)
  eden space 64000K, 100% used [0x000000076db00000,0x0000000771980000,0x0000000771980000)
  from space 10240K, 0% used [0x0000000772380000,0x0000000772380000,0x0000000772d80000)
  to   space 10240K, 0% used [0x0000000771980000,0x0000000771980000,0x0000000772380000)
 ParOldGen       total 169472K, used 0K [0x00000006c9000000, 0x00000006d3580000, 0x000000076db00000)
  object space 169472K, 0% used [0x00000006c9000000,0x00000006c9000000,0x00000006d3580000)
 Metaspace       used 7875K, capacity 8112K, committed 8192K, reserved 1056768K
  class space    used 868K, capacity 962K, committed 1024K, reserved 1048576K
Event: 0.324 GC heap after
Heap after GC invocations=1 (full 0):
 PSYoungGen      total 74240K, used 4363K [0x000000076db00000, 0x0000000776c00000, 0x00000007c0000000)
  eden space 64000K, 0% used [0x000000076db00000,0x000000076db00000,0x0000000771980000)
  from space 10240K, 42% used [0x0000000771980000,0x0000000771dc2fc0,0x0000000772380000)
  to   space 10240K, 0% used [0x0000000776200000,0x0000000776200000,0x0000000776c00000)
 ParOldGen       total 169472K, used 8K [0x00000006c9000000, 0x00000006d3580000, 0x000000076db00000)
  object space 169472K, 0% used [0x00000006c9000000,0x00000006c9002000,0x00000006d3580000)
 Metaspace       used 7875K, capacity 8112K, committed 8192K, reserved 1056768K
  class space    used 868K, capacity 962K, committed 1024K, reserved 1048576K
}
Event: 0.737 GC heap before
{Heap before GC invocations=2 (full 0):
 PSYoungGen      total 74240K, used 68363K [0x000000076db00000, 0x0000000776c00000, 0x00000007c0000000)
  eden space 64000K, 100% used [0x000000076db00000,0x0000000771980000,0x0000000771980000)
  from space 10240K, 42% used [0x0000000771980000,0x0000000771dc2fc0,0x0000000772380000)
  to   space 10240K, 0% used [0x0000000776200000,0x0000000776200000,0x0000000776c00000)
 ParOldGen       total 169472K, used 8K [0x00000006c9000000, 0x00000006d3580000, 0x000000076db00000)
  object space 169472K, 0% used [0x00000006c9000000,0x00000006c9002000,0x00000006d3580000)
 Metaspace       used 15817K, capacity 16580K, committed 16896K, reserved 1064960K
  class space    used 2031K, capacity 2215K, committed 2304K, reserved 1048576K
Event: 0.744 GC heap after
Heap after GC invocations=2 (full 0):
 PSYoungGen      total 138240K, used 8888K [0x000000076db00000, 0x0000000776c00000, 0x00000007c0000000)
  eden space 128000K, 0% used [0x000000076db00000,0x000000076db00000,0x0000000775800000)
  from space 10240K, 86% used [0x0000000776200000,0x0000000776aae238,0x0000000776c00000)
  to   space 10240K, 0% used [0x0000000775800000,0x0000000775800000,0x0000000776200000)
 ParOldGen       total 169472K, used 16K [0x00000006c9000000, 0x00000006d3580000, 0x000000076db00000)
  object space 169472K, 0% used [0x00000006c9000000,0x00000006c9004000,0x00000006d3580000)
 Metaspace       used 15817K, capacity 16580K, committed 16896K, reserved 1064960K
  class space    used 2031K, capacity 2215K, committed 2304K, reserved 1048576K
}
Event: 0.910 GC heap before
{Heap before GC invocations=3 (full 0):
 PSYoungGen      total 138240K, used 98246K [0x000000076db00000, 0x0000000776c00000, 0x00000007c0000000)
  eden space 128000K, 69% used [0x000000076db00000,0x0000000773243748,0x0000000775800000)
  from space 10240K, 86% used [0x0000000776200000,0x0000000776aae238,0x0000000776c00000)
  to   space 10240K, 0% used [0x0000000775800000,0x0000000775800000,0x0000000776200000)
 ParOldGen       total 169472K, used 16K [0x00000006c9000000, 0x00000006d3580000, 0x000000076db00000)
  object space 169472K, 0% used [0x00000006c9000000,0x00000006c9004000,0x00000006d3580000)
 Metaspace       used 20358K, capacity 21220K, committed 21296K, reserved 1067008K
  class space    used 2631K, capacity 2849K, committed 2864K, reserved 1048576K
Event: 0.921 GC heap after
Heap after GC invocations=3 (full 0):
 PSYoungGen      total 138240K, used 10229K [0x000000076db00000, 0x000000077e900000, 0x00000007c0000000)
  eden space 128000K, 0% used [0x000000076db00000,0x000000076db00000,0x0000000775800000)
  from space 10240K, 99% used [0x0000000775800000,0x00000007761fd6e0,0x0000000776200000)
  to   space 10240K, 0% used [0x000000077df00000,0x000000077df00000,0x000000077e900000)
 ParOldGen       total 169472K, used 48K [0x00000006c9000000, 0x00000006d3580000, 0x000000076db00000)
  object space 169472K, 0% used [0x00000006c9000000,0x00000006c900c000,0x00000006d3580000)
 Metaspace       used 20358K, capacity 21220K, committed 21296K, reserved 1067008K
  class space    used 2631K, capacity 2849K, committed 2864K, reserved 1048576K
}
Event: 0.921 GC heap before
{Heap before GC invocations=4 (full 1):
 PSYoungGen      total 138240K, used 10229K [0x000000076db00000, 0x000000077e900000, 0x00000007c0000000)
  eden space 128000K, 0% used [0x000000076db00000,0x000000076db00000,0x0000000775800000)
  from space 10240K, 99% used [0x0000000775800000,0x00000007761fd6e0,0x0000000776200000)
  to   space 10240K, 0% used [0x000000077df00000,0x000000077df00000,0x000000077e900000)
 ParOldGen       total 169472K, used 48K [0x00000006c9000000, 0x00000006d3580000, 0x000000076db00000)
  object space 169472K, 0% used [0x00000006c9000000,0x00000006c900c000,0x00000006d3580000)
 Metaspace       used 20358K, capacity 21220K, committed 21296K, reserved 1067008K
  class space    used 2631K, capacity 2849K, committed 2864K, reserved 1048576K
Event: 0.949 GC heap after
Heap after GC invocations=4 (full 1):
 PSYoungGen      total 138240K, used 0K [0x000000076db00000, 0x000000077e900000, 0x00000007c0000000)
  eden space 128000K, 0% used [0x000000076db00000,0x000000076db00000,0x0000000775800000)
  from space 10240K, 0% used [0x0000000775800000,0x0000000775800000,0x0000000776200000)
  to   space 10240K, 0% used [0x000000077df00000,0x000000077df00000,0x000000077e900000)
 ParOldGen       total 105984K, used 9903K [0x00000006c9000000, 0x00000006cf780000, 0x000000076db00000)
  object space 105984K, 9% used [0x00000006c9000000,0x00000006c99abe70,0x00000006cf780000)
 Metaspace       used 20358K, capacity 21220K, committed 21296K, reserved 1067008K
  class space    used 2631K, capacity 2849K, committed 2864K, reserved 1048576K
}
Event: 1.772 GC heap before
{Heap before GC invocations=5 (full 1):
 PSYoungGen      total 138240K, used 127971K [0x000000076db00000, 0x000000077e900000, 0x00000007c0000000)
  eden space 128000K, 99% used [0x000000076db00000,0x00000007757f8d60,0x0000000775800000)
  from space 10240K, 0% used [0x0000000775800000,0x0000000775800000,0x0000000776200000)
  to   space 10240K, 0% used [0x000000077df00000,0x000000077df00000,0x000000077e900000)
 ParOldGen       total 105984K, used 9903K [0x00000006c9000000, 0x00000006cf780000, 0x000000076db00000)
  object space 105984K, 9% used [0x00000006c9000000,0x00000006c99abe70,0x00000006cf780000)
 Metaspace       used 28354K, capacity 30316K, committed 30384K, reserved 1075200K
  class space    used 3849K, capacity 4241K, committed 4272K, reserved 1048576K
Event: 1.782 GC heap after
Heap after GC invocations=5 (full 1):
 PSYoungGen      total 198144K, used 10230K [0x000000076db00000, 0x000000077e900000, 0x00000007c0000000)
  eden space 187904K, 0% used [0x000000076db00000,0x000000076db00000,0x0000000779280000)
  from space 10240K, 99% used [0x000000077df00000,0x000000077e8fd990,0x000000077e900000)
  to   space 10240K, 0% used [0x000000077d500000,0x000000077d500000,0x000000077df00000)
 ParOldGen       total 105984K, used 12924K [0x00000006c9000000, 0x00000006cf780000, 0x000000076db00000)
  object space 105984K, 12% used [0x00000006c9000000,0x00000006c9c9f200,0x00000006cf780000)
 Metaspace       used 28354K, capacity 30316K, committed 30384K, reserved 1075200K
  class space    used 3849K, capacity 4241K, committed 4272K, reserved 1048576K
}
Event: 2.076 GC heap before
{Heap before GC invocations=6 (full 1):
 PSYoungGen      total 198144K, used 124825K [0x000000076db00000, 0x000000077e900000, 0x00000007c0000000)
  eden space 187904K, 60% used [0x000000076db00000,0x0000000774ae8bb8,0x0000000779280000)
  from space 10240K, 99% used [0x000000077df00000,0x000000077e8fd990,0x000000077e900000)
  to   space 10240K, 0% used [0x000000077d500000,0x000000077d500000,0x000000077df00000)
 ParOldGen       total 105984K, used 12924K [0x00000006c9000000, 0x00000006cf780000, 0x000000076db00000)
  object space 105984K, 12% used [0x00000006c9000000,0x00000006c9c9f200,0x00000006cf780000)
 Metaspace       used 33204K, capacity 35450K, committed 35496K, reserved 1079296K
  class space    used 4580K, capacity 5031K, committed 5032K, reserved 1048576K
Event: 2.085 GC heap after
Heap after GC invocations=6 (full 1):
 PSYoungGen      total 266240K, used 10235K [0x000000076db00000, 0x0000000780a00000, 0x00000007c0000000)
  eden space 256000K, 0% used [0x000000076db00000,0x000000076db00000,0x000000077d500000)
  from space 10240K, 99% used [0x000000077d500000,0x000000077defee50,0x000000077df00000)
  to   space 16384K, 0% used [0x000000077fa00000,0x000000077fa00000,0x0000000780a00000)
 ParOldGen       total 105984K, used 14009K [0x00000006c9000000, 0x00000006cf780000, 0x000000076db00000)
  object space 105984K, 13% used [0x00000006c9000000,0x00000006c9dae608,0x00000006cf780000)
 Metaspace       used 33204K, capacity 35450K, committed 35496K, reserved 1079296K
  class space    used 4580K, capacity 5031K, committed 5032K, reserved 1048576K
}
Event: 2.085 GC heap before
{Heap before GC invocations=7 (full 2):
 PSYoungGen      total 266240K, used 10235K [0x000000076db00000, 0x0000000780a00000, 0x00000007c0000000)
  eden space 256000K, 0% used [0x000000076db00000,0x000000076db00000,0x000000077d500000)
  from space 10240K, 99% used [0x000000077d500000,0x000000077defee50,0x000000077df00000)
  to   space 16384K, 0% used [0x000000077fa00000,0x000000077fa00000,0x0000000780a00000)
 ParOldGen       total 105984K, used 14009K [0x00000006c9000000, 0x00000006cf780000, 0x000000076db00000)
  object space 105984K, 13% used [0x00000006c9000000,0x00000006c9dae608,0x00000006cf780000)
 Metaspace       used 33204K, capacity 35450K, committed 35496K, reserved 1079296K
  class space    used 4580K, capacity 5031K, committed 5032K, reserved 1048576K
Event: 2.132 GC heap after
Heap after GC invocations=7 (full 2):
 PSYoungGen      total 266240K, used 0K [0x000000076db00000, 0x0000000780a00000, 0x00000007c0000000)
  eden space 256000K, 0% used [0x000000076db00000,0x000000076db00000,0x000000077d500000)
  from space 10240K, 0% used [0x000000077d500000,0x000000077d500000,0x000000077df00000)
  to   space 16384K, 0% used [0x000000077fa00000,0x000000077fa00000,0x0000000780a00000)
 ParOldGen       total 168448K, used 15960K [0x00000006c9000000, 0x00000006d3480000, 0x000000076db00000)
  object space 168448K, 9% used [0x00000006c9000000,0x00000006c9f96108,0x00000006d3480000)
 Metaspace       used 33204K, capacity 35450K, committed 35496K, reserved 1079296K
  class space    used 4580K, capacity 5031K, committed 5032K, reserved 1048576K
}
Event: 28.790 GC heap before
{Heap before GC invocations=8 (full 2):
 PSYoungGen      total 266240K, used 216279K [0x000000076db00000, 0x0000000780a00000, 0x00000007c0000000)
  eden space 256000K, 84% used [0x000000076db00000,0x000000077ae35f58,0x000000077d500000)
  from space 10240K, 0% used [0x000000077d500000,0x000000077d500000,0x000000077df00000)
  to   space 16384K, 0% used [0x000000077fa00000,0x000000077fa00000,0x0000000780a00000)
 ParOldGen       total 168448K, used 15960K [0x00000006c9000000, 0x00000006d3480000, 0x000000076db00000)
  object space 168448K, 9% used [0x00000006c9000000,0x00000006c9f96108,0x00000006d3480000)
 Metaspace       used 52626K, capacity 56280K, committed 56488K, reserved 1097728K
  class space    used 7380K, capacity 8027K, committed 8104K, reserved 1048576K
Event: 28.819 GC heap after
Heap after GC invocations=8 (full 2):
 PSYoungGen      total 287232K, used 16353K [0x000000076db00000, 0x0000000786f00000, 0x00000007c0000000)
  eden space 270848K, 0% used [0x000000076db00000,0x000000076db00000,0x000000077e380000)
  from space 16384K, 99% used [0x000000077fa00000,0x00000007809f87e8,0x0000000780a00000)
  to   space 23040K, 0% used [0x000000077e380000,0x000000077e380000,0x000000077fa00000)
 ParOldGen       total 168448K, used 23291K [0x00000006c9000000, 0x00000006d3480000, 0x000000076db00000)
  object space 168448K, 13% used [0x00000006c9000000,0x00000006ca6bee70,0x00000006d3480000)
 Metaspace       used 52626K, capacity 56280K, committed 56488K, reserved 1097728K
  class space    used 7380K, capacity 8027K, committed 8104K, reserved 1048576K
}
Event: 28.819 GC heap before
{Heap before GC invocations=9 (full 3):
 PSYoungGen      total 287232K, used 16353K [0x000000076db00000, 0x0000000786f00000, 0x00000007c0000000)
  eden space 270848K, 0% used [0x000000076db00000,0x000000076db00000,0x000000077e380000)
  from space 16384K, 99% used [0x000000077fa00000,0x00000007809f87e8,0x0000000780a00000)
  to   space 23040K, 0% used [0x000000077e380000,0x000000077e380000,0x000000077fa00000)
 ParOldGen       total 168448K, used 23291K [0x00000006c9000000, 0x00000006d3480000, 0x000000076db00000)
  object space 168448K, 13% used [0x00000006c9000000,0x00000006ca6bee70,0x00000006d3480000)
 Metaspace       used 52626K, capacity 56280K, committed 56488K, reserved 1097728K
  class space    used 7380K, capacity 8027K, committed 8104K, reserved 1048576K
Event: 28.931 GC heap after
Heap after GC invocations=9 (full 3):
 PSYoungGen      total 287232K, used 0K [0x000000076db00000, 0x0000000786f00000, 0x00000007c0000000)
  eden space 270848K, 0% used [0x000000076db00000,0x000000076db00000,0x000000077e380000)
  from space 16384K, 0% used [0x000000077fa00000,0x000000077fa00000,0x0000000780a00000)
  to   space 23040K, 0% used [0x000000077e380000,0x000000077e380000,0x000000077fa00000)
 ParOldGen       total 168448K, used 32297K [0x00000006c9000000, 0x00000006d3480000, 0x000000076db00000)
  object space 168448K, 19% used [0x00000006c9000000,0x00000006caf8a500,0x00000006d3480000)
 Metaspace       used 52626K, capacity 56280K, committed 56488K, reserved 1097728K
  class space    used 7380K, capacity 8027K, committed 8104K, reserved 1048576K
}
Event: 57.915 GC heap before
{Heap before GC invocations=10 (full 3):
 PSYoungGen      total 287232K, used 191836K [0x000000076db00000, 0x0000000786f00000, 0x00000007c0000000)
  eden space 270848K, 70% used [0x000000076db00000,0x0000000779657198,0x000000077e380000)
  from space 16384K, 0% used [0x000000077fa00000,0x000000077fa00000,0x0000000780a00000)
  to   space 23040K, 0% used [0x000000077e380000,0x000000077e380000,0x000000077fa00000)
 ParOldGen       total 168448K, used 32297K [0x00000006c9000000, 0x00000006d3480000, 0x000000076db00000)
  object space 168448K, 19% used [0x00000006c9000000,0x00000006caf8a500,0x00000006d3480000)
 Metaspace       used 54911K, capacity 58666K, committed 58792K, reserved 1099776K
  class space    used 7681K, capacity 8327K, committed 8360K, reserved 1048576K
Event: 57.924 GC heap after
Heap after GC invocations=10 (full 3):
 PSYoungGen      total 293888K, used 6728K [0x000000076db00000, 0x0000000786e00000, 0x00000007c0000000)
  eden space 270848K, 0% used [0x000000076db00000,0x000000076db00000,0x000000077e380000)
  from space 23040K, 29% used [0x000000077e380000,0x000000077ea12028,0x000000077fa00000)
  to   space 22528K, 0% used [0x0000000785800000,0x0000000785800000,0x0000000786e00000)
 ParOldGen       total 168448K, used 32305K [0x00000006c9000000, 0x00000006d3480000, 0x000000076db00000)
  object space 168448K, 19% used [0x00000006c9000000,0x00000006caf8c500,0x00000006d3480000)
 Metaspace       used 54911K, capacity 58666K, committed 58792K, reserved 1099776K
  class space    used 7681K, capacity 8327K, committed 8360K, reserved 1048576K
}
Event: 57.924 GC heap before
{Heap before GC invocations=11 (full 4):
 PSYoungGen      total 293888K, used 6728K [0x000000076db00000, 0x0000000786e00000, 0x00000007c0000000)
  eden space 270848K, 0% used [0x000000076db00000,0x000000076db00000,0x000000077e380000)
  from space 23040K, 29% used [0x000000077e380000,0x000000077ea12028,0x000000077fa00000)
  to   space 22528K, 0% used [0x0000000785800000,0x0000000785800000,0x0000000786e00000)
 ParOldGen       total 168448K, used 32305K [0x00000006c9000000, 0x00000006d3480000, 0x000000076db00000)
  object space 168448K, 19% used [0x00000006c9000000,0x00000006caf8c500,0x00000006d3480000)
 Metaspace       used 54911K, capacity 58666K, committed 58792K, reserved 1099776K
  class space    used 7681K, capacity 8327K, committed 8360K, reserved 1048576K
Event: 58.068 GC heap after
Heap after GC invocations=11 (full 4):
 PSYoungGen      total 293888K, used 0K [0x000000076db00000, 0x0000000786e00000, 0x00000007c0000000)
  eden space 270848K, 0% used [0x000000076db00000,0x000000076db00000,0x000000077e380000)
  from space 23040K, 0% used [0x000000077e380000,0x000000077e380000,0x000000077fa00000)
  to   space 22528K, 0% used [0x0000000785800000,0x0000000785800000,0x0000000786e00000)
 ParOldGen       total 168448K, used 21832K [0x00000006c9000000, 0x00000006d3480000, 0x000000076db00000)
  object space 168448K, 12% used [0x00000006c9000000,0x00000006ca552350,0x00000006d3480000)
 Metaspace       used 54909K, capacity 58660K, committed 58792K, reserved 1099776K
  class space    used 7680K, capacity 8325K, committed 8360K, reserved 1048576K
}
Event: 59.997 GC heap before
{Heap before GC invocations=12 (full 4):
 PSYoungGen      total 293888K, used 162645K [0x000000076db00000, 0x0000000786e00000, 0x00000007c0000000)
  eden space 270848K, 60% used [0x000000076db00000,0x00000007779d5668,0x000000077e380000)
  from space 23040K, 0% used [0x000000077e380000,0x000000077e380000,0x000000077fa00000)
  to   space 22528K, 0% used [0x0000000785800000,0x0000000785800000,0x0000000786e00000)
 ParOldGen       total 168448K, used 21832K [0x00000006c9000000, 0x00000006d3480000, 0x000000076db00000)
  object space 168448K, 12% used [0x00000006c9000000,0x00000006ca552350,0x00000006d3480000)
 Metaspace       used 55166K, capacity 58948K, committed 59176K, reserved 1099776K
  class space    used 7702K, capacity 8372K, committed 8488K, reserved 1048576K
Event: 60.004 GC heap after
Heap after GC invocations=12 (full 4):
 PSYoungGen      total 390144K, used 4552K [0x000000076db00000, 0x0000000786e00000, 0x00000007c0000000)
  eden space 367616K, 0% used [0x000000076db00000,0x000000076db00000,0x0000000784200000)
  from space 22528K, 20% used [0x0000000785800000,0x0000000785c720d8,0x0000000786e00000)
  to   space 22528K, 0% used [0x0000000784200000,0x0000000784200000,0x0000000785800000)
 ParOldGen       total 168448K, used 21840K [0x00000006c9000000, 0x00000006d3480000, 0x000000076db00000)
  object space 168448K, 12% used [0x00000006c9000000,0x00000006ca554350,0x00000006d3480000)
 Metaspace       used 55166K, capacity 58948K, committed 59176K, reserved 1099776K
  class space    used 7702K, capacity 8372K, committed 8488K, reserved 1048576K
}
Event: 60.004 GC heap before
{Heap before GC invocations=13 (full 5):
 PSYoungGen      total 390144K, used 4552K [0x000000076db00000, 0x0000000786e00000, 0x00000007c0000000)
  eden space 367616K, 0% used [0x000000076db00000,0x000000076db00000,0x0000000784200000)
  from space 22528K, 20% used [0x0000000785800000,0x0000000785c720d8,0x0000000786e00000)
  to   space 22528K, 0% used [0x0000000784200000,0x0000000784200000,0x0000000785800000)
 ParOldGen       total 168448K, used 21840K [0x00000006c9000000, 0x00000006d3480000, 0x000000076db00000)
  object space 168448K, 12% used [0x00000006c9000000,0x00000006ca554350,0x00000006d3480000)
 Metaspace       used 55166K, capacity 58948K, committed 59176K, reserved 1099776K
  class space    used 7702K, capacity 8372K, committed 8488K, reserved 1048576K
Event: 60.139 GC heap after
Heap after GC invocations=13 (full 5):
 PSYoungGen      total 390144K, used 0K [0x000000076db00000, 0x0000000786e00000, 0x00000007c0000000)
  eden space 367616K, 0% used [0x000000076db00000,0x000000076db00000,0x0000000784200000)
  from space 22528K, 0% used [0x0000000785800000,0x0000000785800000,0x0000000786e00000)
  to   space 22528K, 0% used [0x0000000784200000,0x0000000784200000,0x0000000785800000)
 ParOldGen       total 168448K, used 20224K [0x00000006c9000000, 0x00000006d3480000, 0x000000076db00000)
  object space 168448K, 12% used [0x00000006c9000000,0x00000006ca3c0138,0x00000006d3480000)
 Metaspace       used 55163K, capacity 58942K, committed 59176K, reserved 1099776K
  class space    used 7702K, capacity 8370K, committed 8488K, reserved 1048576K
}
Event: 132.090 GC heap before
{Heap before GC invocations=14 (full 5):
 PSYoungGen      total 390144K, used 180497K [0x000000076db00000, 0x0000000786e00000, 0x00000007c0000000)
  eden space 367616K, 49% used [0x000000076db00000,0x0000000778b44550,0x0000000784200000)
  from space 22528K, 0% used [0x0000000785800000,0x0000000785800000,0x0000000786e00000)
  to   space 22528K, 0% used [0x0000000784200000,0x0000000784200000,0x0000000785800000)
 ParOldGen       total 168448K, used 20224K [0x00000006c9000000, 0x00000006d3480000, 0x000000076db00000)
  object space 168448K, 12% used [0x00000006c9000000,0x00000006ca3c0138,0x00000006d3480000)
 Metaspace       used 55445K, capacity 59408K, committed 59560K, reserved 1099776K
  class space    used 7734K, capacity 8490K, committed 8616K, reserved 1048576K
Event: 132.102 GC heap after
Heap after GC invocations=14 (full 5):
 PSYoungGen      total 390144K, used 4706K [0x000000076db00000, 0x0000000786e00000, 0x00000007c0000000)
  eden space 367616K, 0% used [0x000000076db00000,0x000000076db00000,0x0000000784200000)
  from space 22528K, 20% used [0x0000000784200000,0x0000000784698b78,0x0000000785800000)
  to   space 22528K, 0% used [0x0000000785800000,0x0000000785800000,0x0000000786e00000)
 ParOldGen       total 168448K, used 20232K [0x00000006c9000000, 0x00000006d3480000, 0x000000076db00000)
  object space 168448K, 12% used [0x00000006c9000000,0x00000006ca3c2138,0x00000006d3480000)
 Metaspace       used 55445K, capacity 59408K, committed 59560K, reserved 1099776K
  class space    used 7734K, capacity 8490K, committed 8616K, reserved 1048576K
}
Event: 132.102 GC heap before
{Heap before GC invocations=15 (full 6):
 PSYoungGen      total 390144K, used 4706K [0x000000076db00000, 0x0000000786e00000, 0x00000007c0000000)
  eden space 367616K, 0% used [0x000000076db00000,0x000000076db00000,0x0000000784200000)
  from space 22528K, 20% used [0x0000000784200000,0x0000000784698b78,0x0000000785800000)
  to   space 22528K, 0% used [0x0000000785800000,0x0000000785800000,0x0000000786e00000)
 ParOldGen       total 168448K, used 20232K [0x00000006c9000000, 0x00000006d3480000, 0x000000076db00000)
  object space 168448K, 12% used [0x00000006c9000000,0x00000006ca3c2138,0x00000006d3480000)
 Metaspace       used 55445K, capacity 59408K, committed 59560K, reserved 1099776K
  class space    used 7734K, capacity 8490K, committed 8616K, reserved 1048576K
Event: 132.225 GC heap after
Heap after GC invocations=15 (full 6):
 PSYoungGen      total 390144K, used 0K [0x000000076db00000, 0x0000000786e00000, 0x00000007c0000000)
  eden space 367616K, 0% used [0x000000076db00000,0x000000076db00000,0x0000000784200000)
  from space 22528K, 0% used [0x0000000784200000,0x0000000784200000,0x0000000785800000)
  to   space 22528K, 0% used [0x0000000785800000,0x0000000785800000,0x0000000786e00000)
 ParOldGen       total 168448K, used 20590K [0x00000006c9000000, 0x00000006d3480000, 0x000000076db00000)
  object space 168448K, 12% used [0x00000006c9000000,0x00000006ca41b920,0x00000006d3480000)
 Metaspace       used 55443K, capacity 59402K, committed 59560K, reserved 1099776K
  class space    used 7733K, capacity 8488K, committed 8616K, reserved 1048576K
}
Event: 179.141 GC heap before
{Heap before GC invocations=16 (full 6):
 PSYoungGen      total 390144K, used 179551K [0x000000076db00000, 0x0000000786e00000, 0x00000007c0000000)
  eden space 367616K, 48% used [0x000000076db00000,0x0000000778a57d40,0x0000000784200000)
  from space 22528K, 0% used [0x0000000784200000,0x0000000784200000,0x0000000785800000)
  to   space 22528K, 0% used [0x0000000785800000,0x0000000785800000,0x0000000786e00000)
 ParOldGen       total 168448K, used 20590K [0x00000006c9000000, 0x00000006d3480000, 0x000000076db00000)
  object space 168448K, 12% used [0x00000006c9000000,0x00000006ca41b920,0x00000006d3480000)
 Metaspace       used 55693K, capacity 59668K, committed 59816K, reserved 1099776K
  class space    used 7756K, capacity 8532K, committed 8616K, reserved 1048576K
Event: 179.146 GC heap after
Heap after GC invocations=16 (full 6):
 PSYoungGen      total 389120K, used 4538K [0x000000076db00000, 0x0000000786d00000, 0x00000007c0000000)
  eden space 367616K, 0% used [0x000000076db00000,0x000000076db00000,0x0000000784200000)
  from space 21504K, 21% used [0x0000000785800000,0x0000000785c6e958,0x0000000786d00000)
  to   space 22016K, 0% used [0x0000000784200000,0x0000000784200000,0x0000000785780000)
 ParOldGen       total 168448K, used 20598K [0x00000006c9000000, 0x00000006d3480000, 0x000000076db00000)
  object space 168448K, 12% used [0x00000006c9000000,0x00000006ca41d920,0x00000006d3480000)
 Metaspace       used 55693K, capacity 59668K, committed 59816K, reserved 1099776K
  class space    used 7756K, capacity 8532K, committed 8616K, reserved 1048576K
}
Event: 179.146 GC heap before
{Heap before GC invocations=17 (full 7):
 PSYoungGen      total 389120K, used 4538K [0x000000076db00000, 0x0000000786d00000, 0x00000007c0000000)
  eden space 367616K, 0% used [0x000000076db00000,0x000000076db00000,0x0000000784200000)
  from space 21504K, 21% used [0x0000000785800000,0x0000000785c6e958,0x0000000786d00000)
  to   space 22016K, 0% used [0x0000000784200000,0x0000000784200000,0x0000000785780000)
 ParOldGen       total 168448K, used 20598K [0x00000006c9000000, 0x00000006d3480000, 0x000000076db00000)
  object space 168448K, 12% used [0x00000006c9000000,0x00000006ca41d920,0x00000006d3480000)
 Metaspace       used 55693K, capacity 59668K, committed 59816K, reserved 1099776K
  class space    used 7756K, capacity 8532K, committed 8616K, reserved 1048576K
Event: 179.223 GC heap after
Heap after GC invocations=17 (full 7):
 PSYoungGen      total 389120K, used 0K [0x000000076db00000, 0x0000000786d00000, 0x00000007c0000000)
  eden space 367616K, 0% used [0x000000076db00000,0x000000076db00000,0x0000000784200000)
  from space 21504K, 0% used [0x0000000785800000,0x0000000785800000,0x0000000786d00000)
  to   space 22016K, 0% used [0x0000000784200000,0x0000000784200000,0x0000000785780000)
 ParOldGen       total 168448K, used 20620K [0x00000006c9000000, 0x00000006d3480000, 0x000000076db00000)
  object space 168448K, 12% used [0x00000006c9000000,0x00000006ca423330,0x00000006d3480000)
 Metaspace       used 55691K, capacity 59662K, committed 59816K, reserved 1099776K
  class space    used 7755K, capacity 8530K, committed 8616K, reserved 1048576K
}
Event: 327.183 GC heap before
{Heap before GC invocations=18 (full 7):
 PSYoungGen      total 389120K, used 187593K [0x000000076db00000, 0x0000000786d00000, 0x00000007c0000000)
  eden space 367616K, 51% used [0x000000076db00000,0x00000007792325d8,0x0000000784200000)
  from space 21504K, 0% used [0x0000000785800000,0x0000000785800000,0x0000000786d00000)
  to   space 22016K, 0% used [0x0000000784200000,0x0000000784200000,0x0000000785780000)
 ParOldGen       total 168448K, used 20620K [0x00000006c9000000, 0x00000006d3480000, 0x000000076db00000)
  object space 168448K, 12% used [0x00000006c9000000,0x00000006ca423330,0x00000006d3480000)
 Metaspace       used 55952K, capacity 60010K, committed 60072K, reserved 1101824K
  class space    used 7783K, capacity 8587K, committed 8616K, reserved 1048576K
Event: 327.191 GC heap after
Heap after GC invocations=18 (full 7):
 PSYoungGen      total 372736K, used 4712K [0x000000076db00000, 0x0000000786c00000, 0x00000007c0000000)
  eden space 367616K, 0% used [0x000000076db00000,0x000000076db00000,0x0000000784200000)
  from space 5120K, 92% used [0x0000000784200000,0x000000078469a0d8,0x0000000784700000)
  to   space 21504K, 0% used [0x0000000785700000,0x0000000785700000,0x0000000786c00000)
 ParOldGen       total 168448K, used 20628K [0x00000006c9000000, 0x00000006d3480000, 0x000000076db00000)
  object space 168448K, 12% used [0x00000006c9000000,0x00000006ca425330,0x00000006d3480000)
 Metaspace       used 55952K, capacity 60010K, committed 60072K, reserved 1101824K
  class space    used 7783K, capacity 8587K, committed 8616K, reserved 1048576K
}
Event: 327.191 GC heap before
{Heap before GC invocations=19 (full 8):
 PSYoungGen      total 372736K, used 4712K [0x000000076db00000, 0x0000000786c00000, 0x00000007c0000000)
  eden space 367616K, 0% used [0x000000076db00000,0x000000076db00000,0x0000000784200000)
  from space 5120K, 92% used [0x0000000784200000,0x000000078469a0d8,0x0000000784700000)
  to   space 21504K, 0% used [0x0000000785700000,0x0000000785700000,0x0000000786c00000)
 ParOldGen       total 168448K, used 20628K [0x00000006c9000000, 0x00000006d3480000, 0x000000076db00000)
  object space 168448K, 12% used [0x00000006c9000000,0x00000006ca425330,0x00000006d3480000)
 Metaspace       used 55952K, capacity 60010K, committed 60072K, reserved 1101824K
  class space    used 7783K, capacity 8587K, committed 8616K, reserved 1048576K
Event: 327.390 GC heap after
Heap after GC invocations=19 (full 8):
 PSYoungGen      total 372736K, used 0K [0x000000076db00000, 0x0000000786c00000, 0x00000007c0000000)
  eden space 367616K, 0% used [0x000000076db00000,0x000000076db00000,0x0000000784200000)
  from space 5120K, 0% used [0x0000000784200000,0x0000000784200000,0x0000000784700000)
  to   space 21504K, 0% used [0x0000000785700000,0x0000000785700000,0x0000000786c00000)
 ParOldGen       total 168448K, used 20960K [0x00000006c9000000, 0x00000006d3480000, 0x000000076db00000)
  object space 168448K, 12% used [0x00000006c9000000,0x00000006ca478338,0x00000006d3480000)
 Metaspace       used 55949K, capacity 60004K, committed 60072K, reserved 1101824K
  class space    used 7782K, capacity 8585K, committed 8616K, reserved 1048576K
}
Event: 345.490 GC heap before
{Heap before GC invocations=20 (full 8):
 PSYoungGen      total 372736K, used 175777K [0x000000076db00000, 0x0000000786c00000, 0x00000007c0000000)
  eden space 367616K, 47% used [0x000000076db00000,0x00000007786a8460,0x0000000784200000)
  from space 5120K, 0% used [0x0000000784200000,0x0000000784200000,0x0000000784700000)
  to   space 21504K, 0% used [0x0000000785700000,0x0000000785700000,0x0000000786c00000)
 ParOldGen       total 168448K, used 20960K [0x00000006c9000000, 0x00000006d3480000, 0x000000076db00000)
  object space 168448K, 12% used [0x00000006c9000000,0x00000006ca478338,0x00000006d3480000)
 Metaspace       used 56173K, capacity 60262K, committed 60456K, reserved 1101824K
  class space    used 7802K, capacity 8627K, committed 8744K, reserved 1048576K
Event: 345.493 GC heap after
Heap after GC invocations=20 (full 8):
 PSYoungGen      total 388096K, used 4578K [0x000000076db00000, 0x0000000786b00000, 0x00000007c0000000)
  eden space 367616K, 0% used [0x000000076db00000,0x000000076db00000,0x0000000784200000)
  from space 20480K, 22% used [0x0000000785700000,0x0000000785b78968,0x0000000786b00000)
  to   space 20992K, 0% used [0x0000000784200000,0x0000000784200000,0x0000000785680000)
 ParOldGen       total 168448K, used 20968K [0x00000006c9000000, 0x00000006d3480000, 0x000000076db00000)
  object space 168448K, 12% used [0x00000006c9000000,0x00000006ca47a338,0x00000006d3480000)
 Metaspace       used 56173K, capacity 60262K, committed 60456K, reserved 1101824K
  class space    used 7802K, capacity 8627K, committed 8744K, reserved 1048576K
}
Event: 345.494 GC heap before
{Heap before GC invocations=21 (full 9):
 PSYoungGen      total 388096K, used 4578K [0x000000076db00000, 0x0000000786b00000, 0x00000007c0000000)
  eden space 367616K, 0% used [0x000000076db00000,0x000000076db00000,0x0000000784200000)
  from space 20480K, 22% used [0x0000000785700000,0x0000000785b78968,0x0000000786b00000)
  to   space 20992K, 0% used [0x0000000784200000,0x0000000784200000,0x0000000785680000)
 ParOldGen       total 168448K, used 20968K [0x00000006c9000000, 0x00000006d3480000, 0x000000076db00000)
  object space 168448K, 12% used [0x00000006c9000000,0x00000006ca47a338,0x00000006d3480000)
 Metaspace       used 56173K, capacity 60262K, committed 60456K, reserved 1101824K
  class space    used 7802K, capacity 8627K, committed 8744K, reserved 1048576K
Event: 345.586 GC heap after
Heap after GC invocations=21 (full 9):
 PSYoungGen      total 388096K, used 0K [0x000000076db00000, 0x0000000786b00000, 0x00000007c0000000)
  eden space 367616K, 0% used [0x000000076db00000,0x000000076db00000,0x0000000784200000)
  from space 20480K, 0% used [0x0000000785700000,0x0000000785700000,0x0000000786b00000)
  to   space 20992K, 0% used [0x0000000784200000,0x0000000784200000,0x0000000785680000)
 ParOldGen       total 168448K, used 20969K [0x00000006c9000000, 0x00000006d3480000, 0x000000076db00000)
  object space 168448K, 12% used [0x00000006c9000000,0x00000006ca47a438,0x00000006d3480000)
 Metaspace       used 56170K, capacity 60256K, committed 60456K, reserved 1101824K
  class space    used 7802K, capacity 8625K, committed 8744K, reserved 1048576K
}
Event: 868.782 GC heap before
{Heap before GC invocations=22 (full 9):
 PSYoungGen      total 388096K, used 209792K [0x000000076db00000, 0x0000000786b00000, 0x00000007c0000000)
  eden space 367616K, 57% used [0x000000076db00000,0x000000077a7e0130,0x0000000784200000)
  from space 20480K, 0% used [0x0000000785700000,0x0000000785700000,0x0000000786b00000)
  to   space 20992K, 0% used [0x0000000784200000,0x0000000784200000,0x0000000785680000)
 ParOldGen       total 168448K, used 20969K [0x00000006c9000000, 0x00000006d3480000, 0x000000076db00000)
  object space 168448K, 12% used [0x00000006c9000000,0x00000006ca47a438,0x00000006d3480000)
 Metaspace       used 56494K, capacity 60706K, committed 60968K, reserved 1101824K
  class space    used 7839K, capacity 8699K, committed 8744K, reserved 1048576K
Event: 868.789 GC heap after
Heap after GC invocations=22 (full 9):
 PSYoungGen      total 372736K, used 4696K [0x000000076db00000, 0x0000000786a00000, 0x00000007c0000000)
  eden space 367616K, 0% used [0x000000076db00000,0x000000076db00000,0x0000000784200000)
  from space 5120K, 91% used [0x0000000784200000,0x00000007846960e8,0x0000000784700000)
  to   space 20480K, 0% used [0x0000000785600000,0x0000000785600000,0x0000000786a00000)
 ParOldGen       total 168448K, used 20977K [0x00000006c9000000, 0x00000006d3480000, 0x000000076db00000)
  object space 168448K, 12% used [0x00000006c9000000,0x00000006ca47c438,0x00000006d3480000)
 Metaspace       used 56494K, capacity 60706K, committed 60968K, reserved 1101824K
  class space    used 7839K, capacity 8699K, committed 8744K, reserved 1048576K
}
Event: 868.789 GC heap before
{Heap before GC invocations=23 (full 10):
 PSYoungGen      total 372736K, used 4696K [0x000000076db00000, 0x0000000786a00000, 0x00000007c0000000)
  eden space 367616K, 0% used [0x000000076db00000,0x000000076db00000,0x0000000784200000)
  from space 5120K, 91% used [0x0000000784200000,0x00000007846960e8,0x0000000784700000)
  to   space 20480K, 0% used [0x0000000785600000,0x0000000785600000,0x0000000786a00000)
 ParOldGen       total 168448K, used 20977K [0x00000006c9000000, 0x00000006d3480000, 0x000000076db00000)
  object space 168448K, 12% used [0x00000006c9000000,0x00000006ca47c438,0x00000006d3480000)
 Metaspace       used 56494K, capacity 60706K, committed 60968K, reserved 1101824K
  class space    used 7839K, capacity 8699K, committed 8744K, reserved 1048576K
Event: 868.921 GC heap after
Heap after GC invocations=23 (full 10):
 PSYoungGen      total 372736K, used 0K [0x000000076db00000, 0x0000000786a00000, 0x00000007c0000000)
  eden space 367616K, 0% used [0x000000076db00000,0x000000076db00000,0x0000000784200000)
  from space 5120K, 0% used [0x0000000784200000,0x0000000784200000,0x0000000784700000)
  to   space 20480K, 0% used [0x0000000785600000,0x0000000785600000,0x0000000786a00000)
 ParOldGen       total 168448K, used 21356K [0x00000006c9000000, 0x00000006d3480000, 0x000000076db00000)
  object space 168448K, 12% used [0x00000006c9000000,0x00000006ca4db230,0x00000006d3480000)
 Metaspace       used 56491K, capacity 60700K, committed 60968K, reserved 1101824K
  class space    used 7838K, capacity 8697K, committed 8744K, reserved 1048576K
}
Event: 1007.877 GC heap before
{Heap before GC invocations=24 (full 10):
 PSYoungGen      total 372736K, used 175508K [0x000000076db00000, 0x0000000786a00000, 0x00000007c0000000)
  eden space 367616K, 47% used [0x000000076db00000,0x00000007786651d8,0x0000000784200000)
  from space 5120K, 0% used [0x0000000784200000,0x0000000784200000,0x0000000784700000)
  to   space 20480K, 0% used [0x0000000785600000,0x0000000785600000,0x0000000786a00000)
 ParOldGen       total 168448K, used 21356K [0x00000006c9000000, 0x00000006d3480000, 0x000000076db00000)
  object space 168448K, 12% used [0x00000006c9000000,0x00000006ca4db230,0x00000006d3480000)
 Metaspace       used 56709K, capacity 60960K, committed 60968K, reserved 1101824K
  class space    used 7858K, capacity 8740K, committed 8744K, reserved 1048576K
Event: 1007.883 GC heap after
Heap after GC invocations=24 (full 10):
 PSYoungGen      total 386048K, used 4712K [0x000000076db00000, 0x0000000786800000, 0x00000007c0000000)
  eden space 367616K, 0% used [0x000000076db00000,0x000000076db00000,0x0000000784200000)
  from space 18432K, 25% used [0x0000000785600000,0x0000000785a9a0d8,0x0000000786800000)
  to   space 19456K, 0% used [0x0000000784200000,0x0000000784200000,0x0000000785500000)
 ParOldGen       total 168448K, used 21364K [0x00000006c9000000, 0x00000006d3480000, 0x000000076db00000)
  object space 168448K, 12% used [0x00000006c9000000,0x00000006ca4dd230,0x00000006d3480000)
 Metaspace       used 56709K, capacity 60960K, committed 60968K, reserved 1101824K
  class space    used 7858K, capacity 8740K, committed 8744K, reserved 1048576K
}
Event: 1007.883 GC heap before
{Heap before GC invocations=25 (full 11):
 PSYoungGen      total 386048K, used 4712K [0x000000076db00000, 0x0000000786800000, 0x00000007c0000000)
  eden space 367616K, 0% used [0x000000076db00000,0x000000076db00000,0x0000000784200000)
  from space 18432K, 25% used [0x0000000785600000,0x0000000785a9a0d8,0x0000000786800000)
  to   space 19456K, 0% used [0x0000000784200000,0x0000000784200000,0x0000000785500000)
 ParOldGen       total 168448K, used 21364K [0x00000006c9000000, 0x00000006d3480000, 0x000000076db00000)
  object space 168448K, 12% used [0x00000006c9000000,0x00000006ca4dd230,0x00000006d3480000)
 Metaspace       used 56709K, capacity 60960K, committed 60968K, reserved 1101824K
  class space    used 7858K, capacity 8740K, committed 8744K, reserved 1048576K
Event: 1007.973 GC heap after
Heap after GC invocations=25 (full 11):
 PSYoungGen      total 386048K, used 0K [0x000000076db00000, 0x0000000786800000, 0x00000007c0000000)
  eden space 367616K, 0% used [0x000000076db00000,0x000000076db00000,0x0000000784200000)
  from space 18432K, 0% used [0x0000000785600000,0x0000000785600000,0x0000000786800000)
  to   space 19456K, 0% used [0x0000000784200000,0x0000000784200000,0x0000000785500000)
 ParOldGen       total 168448K, used 21534K [0x00000006c9000000, 0x00000006d3480000, 0x000000076db00000)
  object space 168448K, 12% used [0x00000006c9000000,0x00000006ca507838,0x00000006d3480000)
 Metaspace       used 56706K, capacity 60954K, committed 60968K, reserved 1101824K
  class space    used 7857K, capacity 8738K, committed 8744K, reserved 1048576K
}
Event: 1041.821 GC heap before
{Heap before GC invocations=26 (full 11):
 PSYoungGen      total 386048K, used 173827K [0x000000076db00000, 0x0000000786800000, 0x00000007c0000000)
  eden space 367616K, 47% used [0x000000076db00000,0x00000007784c0c90,0x0000000784200000)
  from space 18432K, 0% used [0x0000000785600000,0x0000000785600000,0x0000000786800000)
  to   space 19456K, 0% used [0x0000000784200000,0x0000000784200000,0x0000000785500000)
 ParOldGen       total 168448K, used 21534K [0x00000006c9000000, 0x00000006d3480000, 0x000000076db00000)
  object space 168448K, 12% used [0x00000006c9000000,0x00000006ca507838,0x00000006d3480000)
 Metaspace       used 56925K, capacity 61208K, committed 61352K, reserved 1101824K
  class space    used 7876K, capacity 8780K, committed 8872K, reserved 1048576K
Event: 1041.827 GC heap after
Heap after GC invocations=26 (full 11):
 PSYoungGen      total 372736K, used 4728K [0x000000076db00000, 0x0000000786700000, 0x00000007c0000000)
  eden space 367616K, 0% used [0x000000076db00000,0x000000076db00000,0x0000000784200000)
  from space 5120K, 92% used [0x0000000784200000,0x000000078469e0c8,0x0000000784700000)
  to   space 18944K, 0% used [0x0000000785480000,0x0000000785480000,0x0000000786700000)
 ParOldGen       total 168448K, used 21542K [0x00000006c9000000, 0x00000006d3480000, 0x000000076db00000)
  object space 168448K, 12% used [0x00000006c9000000,0x00000006ca509838,0x00000006d3480000)
 Metaspace       used 56925K, capacity 61208K, committed 61352K, reserved 1101824K
  class space    used 7876K, capacity 8780K, committed 8872K, reserved 1048576K
}
Event: 1041.827 GC heap before
{Heap before GC invocations=27 (full 12):
 PSYoungGen      total 372736K, used 4728K [0x000000076db00000, 0x0000000786700000, 0x00000007c0000000)
  eden space 367616K, 0% used [0x000000076db00000,0x000000076db00000,0x0000000784200000)
  from space 5120K, 92% used [0x0000000784200000,0x000000078469e0c8,0x0000000784700000)
  to   space 18944K, 0% used [0x0000000785480000,0x0000000785480000,0x0000000786700000)
 ParOldGen       total 168448K, used 21542K [0x00000006c9000000, 0x00000006d3480000, 0x000000076db00000)
  object space 168448K, 12% used [0x00000006c9000000,0x00000006ca509838,0x00000006d3480000)
 Metaspace       used 56925K, capacity 61208K, committed 61352K, reserved 1101824K
  class space    used 7876K, capacity 8780K, committed 8872K, reserved 1048576K
Event: 1041.939 GC heap after
Heap after GC invocations=27 (full 12):
 PSYoungGen      total 372736K, used 0K [0x000000076db00000, 0x0000000786700000, 0x00000007c0000000)
  eden space 367616K, 0% used [0x000000076db00000,0x000000076db00000,0x0000000784200000)
  from space 5120K, 0% used [0x0000000784200000,0x0000000784200000,0x0000000784700000)
  to   space 18944K, 0% used [0x0000000785480000,0x0000000785480000,0x0000000786700000)
 ParOldGen       total 168448K, used 21714K [0x00000006c9000000, 0x00000006d3480000, 0x000000076db00000)
  object space 168448K, 12% used [0x00000006c9000000,0x00000006ca534a00,0x00000006d3480000)
 Metaspace       used 56923K, capacity 61202K, committed 61352K, reserved 1101824K
  class space    used 7875K, capacity 8778K, committed 8872K, reserved 1048576K
}
Event: 1085.915 GC heap before
{Heap before GC invocations=28 (full 12):
 PSYoungGen      total 372736K, used 177871K [0x000000076db00000, 0x0000000786700000, 0x00000007c0000000)
  eden space 367616K, 48% used [0x000000076db00000,0x00000007788b3c58,0x0000000784200000)
  from space 5120K, 0% used [0x0000000784200000,0x0000000784200000,0x0000000784700000)
  to   space 18944K, 0% used [0x0000000785480000,0x0000000785480000,0x0000000786700000)
 ParOldGen       total 168448K, used 21714K [0x00000006c9000000, 0x00000006d3480000, 0x000000076db00000)
  object space 168448K, 12% used [0x00000006c9000000,0x00000006ca534a00,0x00000006d3480000)
 Metaspace       used 57147K, capacity 61520K, committed 61608K, reserved 1101824K
  class space    used 7894K, capacity 8820K, committed 8872K, reserved 1048576K
Event: 1085.921 GC heap after
Heap after GC invocations=28 (full 12):
 PSYoungGen      total 385536K, used 4696K [0x000000076db00000, 0x0000000786600000, 0x00000007c0000000)
  eden space 367616K, 0% used [0x000000076db00000,0x000000076db00000,0x0000000784200000)
  from space 17920K, 26% used [0x0000000785480000,0x00000007859160e8,0x0000000786600000)
  to   space 18432K, 0% used [0x0000000784200000,0x0000000784200000,0x0000000785400000)
 ParOldGen       total 168448K, used 21722K [0x00000006c9000000, 0x00000006d3480000, 0x000000076db00000)
  object space 168448K, 12% used [0x00000006c9000000,0x00000006ca536a00,0x00000006d3480000)
 Metaspace       used 57147K, capacity 61520K, committed 61608K, reserved 1101824K
  class space    used 7894K, capacity 8820K, committed 8872K, reserved 1048576K
}
Event: 1085.921 GC heap before
{Heap before GC invocations=29 (full 13):
 PSYoungGen      total 385536K, used 4696K [0x000000076db00000, 0x0000000786600000, 0x00000007c0000000)
  eden space 367616K, 0% used [0x000000076db00000,0x000000076db00000,0x0000000784200000)
  from space 17920K, 26% used [0x0000000785480000,0x00000007859160e8,0x0000000786600000)
  to   space 18432K, 0% used [0x0000000784200000,0x0000000784200000,0x0000000785400000)
 ParOldGen       total 168448K, used 21722K [0x00000006c9000000, 0x00000006d3480000, 0x000000076db00000)
  object space 168448K, 12% used [0x00000006c9000000,0x00000006ca536a00,0x00000006d3480000)
 Metaspace       used 57147K, capacity 61520K, committed 61608K, reserved 1101824K
  class space    used 7894K, capacity 8820K, committed 8872K, reserved 1048576K
Event: 1086.021 GC heap after
Heap after GC invocations=29 (full 13):
 PSYoungGen      total 385536K, used 0K [0x000000076db00000, 0x0000000786600000, 0x00000007c0000000)
  eden space 367616K, 0% used [0x000000076db00000,0x000000076db00000,0x0000000784200000)
  from space 17920K, 0% used [0x0000000785480000,0x0000000785480000,0x0000000786600000)
  to   space 18432K, 0% used [0x0000000784200000,0x0000000784200000,0x0000000785400000)
 ParOldGen       total 168448K, used 21894K [0x00000006c9000000, 0x00000006d3480000, 0x000000076db00000)
  object space 168448K, 12% used [0x00000006c9000000,0x00000006ca561b88,0x00000006d3480000)
 Metaspace       used 57144K, capacity 61514K, committed 61608K, reserved 1101824K
  class space    used 7894K, capacity 8818K, committed 8872K, reserved 1048576K
}
Event: 1103.834 GC heap before
{Heap before GC invocations=30 (full 13):
 PSYoungGen      total 385536K, used 176657K [0x000000076db00000, 0x0000000786600000, 0x00000007c0000000)
  eden space 367616K, 48% used [0x000000076db00000,0x0000000778784708,0x0000000784200000)
  from space 17920K, 0% used [0x0000000785480000,0x0000000785480000,0x0000000786600000)
  to   space 18432K, 0% used [0x0000000784200000,0x0000000784200000,0x0000000785400000)
 ParOldGen       total 168448K, used 21894K [0x00000006c9000000, 0x00000006d3480000, 0x000000076db00000)
  object space 168448K, 12% used [0x00000006c9000000,0x00000006ca561b88,0x00000006d3480000)
 Metaspace       used 57366K, capacity 61774K, committed 61864K, reserved 1101824K
  class space    used 7913K, capacity 8861K, committed 8872K, reserved 1048576K
Event: 1103.838 GC heap after
Heap after GC invocations=30 (full 13):
 PSYoungGen      total 372224K, used 4552K [0x000000076db00000, 0x0000000786400000, 0x00000007c0000000)
  eden space 367616K, 0% used [0x000000076db00000,0x000000076db00000,0x0000000784200000)
  from space 4608K, 98% used [0x0000000784200000,0x00000007846720d8,0x0000000784680000)
  to   space 17408K, 0% used [0x0000000785300000,0x0000000785300000,0x0000000786400000)
 ParOldGen       total 168448K, used 21902K [0x00000006c9000000, 0x00000006d3480000, 0x000000076db00000)
  object space 168448K, 13% used [0x00000006c9000000,0x00000006ca563b88,0x00000006d3480000)
 Metaspace       used 57366K, capacity 61774K, committed 61864K, reserved 1101824K
  class space    used 7913K, capacity 8861K, committed 8872K, reserved 1048576K
}
Event: 1103.839 GC heap before
{Heap before GC invocations=31 (full 14):
 PSYoungGen      total 372224K, used 4552K [0x000000076db00000, 0x0000000786400000, 0x00000007c0000000)
  eden space 367616K, 0% used [0x000000076db00000,0x000000076db00000,0x0000000784200000)
  from space 4608K, 98% used [0x0000000784200000,0x00000007846720d8,0x0000000784680000)
  to   space 17408K, 0% used [0x0000000785300000,0x0000000785300000,0x0000000786400000)
 ParOldGen       total 168448K, used 21902K [0x00000006c9000000, 0x00000006d3480000, 0x000000076db00000)
  object space 168448K, 13% used [0x00000006c9000000,0x00000006ca563b88,0x00000006d3480000)
 Metaspace       used 57366K, capacity 61774K, committed 61864K, reserved 1101824K
  class space    used 7913K, capacity 8861K, committed 8872K, reserved 1048576K
Event: 1103.975 GC heap after
Heap after GC invocations=31 (full 14):
 PSYoungGen      total 372224K, used 0K [0x000000076db00000, 0x0000000786400000, 0x00000007c0000000)
  eden space 367616K, 0% used [0x000000076db00000,0x000000076db00000,0x0000000784200000)
  from space 4608K, 0% used [0x0000000784200000,0x0000000784200000,0x0000000784680000)
  to   space 17408K, 0% used [0x0000000785300000,0x0000000785300000,0x0000000786400000)
 ParOldGen       total 168448K, used 21899K [0x00000006c9000000, 0x00000006d3480000, 0x000000076db00000)
  object space 168448K, 13% used [0x00000006c9000000,0x00000006ca562e50,0x00000006d3480000)
 Metaspace       used 57364K, capacity 61768K, committed 61864K, reserved 1101824K
  class space    used 7913K, capacity 8859K, committed 8872K, reserved 1048576K
}
Event: 1124.897 GC heap before
{Heap before GC invocations=32 (full 14):
 PSYoungGen      total 372224K, used 367616K [0x000000076db00000, 0x0000000786400000, 0x00000007c0000000)
  eden space 367616K, 100% used [0x000000076db00000,0x0000000784200000,0x0000000784200000)
  from space 4608K, 0% used [0x0000000784200000,0x0000000784200000,0x0000000784680000)
  to   space 17408K, 0% used [0x0000000785300000,0x0000000785300000,0x0000000786400000)
 ParOldGen       total 168448K, used 21899K [0x00000006c9000000, 0x00000006d3480000, 0x000000076db00000)
  object space 168448K, 13% used [0x00000006c9000000,0x00000006ca562e50,0x00000006d3480000)
 Metaspace       used 58129K, capacity 62752K, committed 62888K, reserved 1103872K
  class space    used 8011K, capacity 9011K, committed 9128K, reserved 1048576K
Event: 1124.921 GC heap after
Heap after GC invocations=32 (full 14):
 PSYoungGen      total 384000K, used 12211K [0x000000076db00000, 0x000000078eb00000, 0x00000007c0000000)
  eden space 366592K, 0% used [0x000000076db00000,0x000000076db00000,0x0000000784100000)
  from space 17408K, 70% used [0x0000000785300000,0x0000000785eecdc8,0x0000000786400000)
  to   space 18432K, 0% used [0x0000000784100000,0x0000000784100000,0x0000000785300000)
 ParOldGen       total 168448K, used 21907K [0x00000006c9000000, 0x00000006d3480000, 0x000000076db00000)
  object space 168448K, 13% used [0x00000006c9000000,0x00000006ca564e50,0x00000006d3480000)
 Metaspace       used 58129K, capacity 62752K, committed 62888K, reserved 1103872K
  class space    used 8011K, capacity 9011K, committed 9128K, reserved 1048576K
}
Event: 1187.623 GC heap before
{Heap before GC invocations=33 (full 14):
 PSYoungGen      total 384000K, used 111877K [0x000000076db00000, 0x000000078eb00000, 0x00000007c0000000)
  eden space 366592K, 27% used [0x000000076db00000,0x0000000773c546a8,0x0000000784100000)
  from space 17408K, 70% used [0x0000000785300000,0x0000000785eecdc8,0x0000000786400000)
  to   space 18432K, 0% used [0x0000000784100000,0x0000000784100000,0x0000000785300000)
 ParOldGen       total 168448K, used 21907K [0x00000006c9000000, 0x00000006d3480000, 0x000000076db00000)
  object space 168448K, 13% used [0x00000006c9000000,0x00000006ca564e50,0x00000006d3480000)
 Metaspace       used 61965K, capacity 66770K, committed 66856K, reserved 1105920K
  class space    used 8483K, capacity 9505K, committed 9512K, reserved 1048576K
Event: 1187.632 GC heap after
Heap after GC invocations=33 (full 14):
 PSYoungGen      total 385024K, used 7812K [0x000000076db00000, 0x000000078e900000, 0x00000007c0000000)
  eden space 366592K, 0% used [0x000000076db00000,0x000000076db00000,0x0000000784100000)
  from space 18432K, 42% used [0x0000000784100000,0x00000007848a1148,0x0000000785300000)
  to   space 17408K, 0% used [0x000000078d800000,0x000000078d800000,0x000000078e900000)
 ParOldGen       total 168448K, used 21915K [0x00000006c9000000, 0x00000006d3480000, 0x000000076db00000)
  object space 168448K, 13% used [0x00000006c9000000,0x00000006ca566e50,0x00000006d3480000)
 Metaspace       used 61965K, capacity 66770K, committed 66856K, reserved 1105920K
  class space    used 8483K, capacity 9505K, committed 9512K, reserved 1048576K
}
Event: 1187.632 GC heap before
{Heap before GC invocations=34 (full 15):
 PSYoungGen      total 385024K, used 7812K [0x000000076db00000, 0x000000078e900000, 0x00000007c0000000)
  eden space 366592K, 0% used [0x000000076db00000,0x000000076db00000,0x0000000784100000)
  from space 18432K, 42% used [0x0000000784100000,0x00000007848a1148,0x0000000785300000)
  to   space 17408K, 0% used [0x000000078d800000,0x000000078d800000,0x000000078e900000)
 ParOldGen       total 168448K, used 21915K [0x00000006c9000000, 0x00000006d3480000, 0x000000076db00000)
  object space 168448K, 13% used [0x00000006c9000000,0x00000006ca566e50,0x00000006d3480000)
 Metaspace       used 61965K, capacity 66770K, committed 66856K, reserved 1105920K
  class space    used 8483K, capacity 9505K, committed 9512K, reserved 1048576K
Event: 1187.829 GC heap after
Heap after GC invocations=34 (full 15):
 PSYoungGen      total 385024K, used 0K [0x000000076db00000, 0x000000078e900000, 0x00000007c0000000)
  eden space 366592K, 0% used [0x000000076db00000,0x000000076db00000,0x0000000784100000)
  from space 18432K, 0% used [0x0000000784100000,0x0000000784100000,0x0000000785300000)
  to   space 17408K, 0% used [0x000000078d800000,0x000000078d800000,0x000000078e900000)
 ParOldGen       total 168448K, used 25046K [0x00000006c9000000, 0x00000006d3480000, 0x000000076db00000)
  object space 168448K, 14% used [0x00000006c9000000,0x00000006ca8759c8,0x00000006d3480000)
 Metaspace       used 61957K, capacity 66752K, committed 66856K, reserved 1105920K
  class space    used 8481K, capacity 9499K, committed 9512K, reserved 1048576K
}
Event: 1215.713 GC heap before
{Heap before GC invocations=35 (full 15):
 PSYoungGen      total 385024K, used 164225K [0x000000076db00000, 0x000000078e900000, 0x00000007c0000000)
  eden space 366592K, 44% used [0x000000076db00000,0x0000000777b60788,0x0000000784100000)
  from space 18432K, 0% used [0x0000000784100000,0x0000000784100000,0x0000000785300000)
  to   space 17408K, 0% used [0x000000078d800000,0x000000078d800000,0x000000078e900000)
 ParOldGen       total 168448K, used 25046K [0x00000006c9000000, 0x00000006d3480000, 0x000000076db00000)
  object space 168448K, 14% used [0x00000006c9000000,0x00000006ca8759c8,0x00000006d3480000)
 Metaspace       used 62986K, capacity 68464K, committed 68776K, reserved 1107968K
  class space    used 8636K, capacity 9802K, committed 9896K, reserved 1048576K
Event: 1215.719 GC heap after
Heap after GC invocations=35 (full 15):
 PSYoungGen      total 521216K, used 4406K [0x000000076db00000, 0x000000078e900000, 0x00000007c0000000)
  eden space 503808K, 0% used [0x000000076db00000,0x000000076db00000,0x000000078c700000)
  from space 17408K, 25% used [0x000000078d800000,0x000000078dc4da88,0x000000078e900000)
  to   space 17408K, 0% used [0x000000078c700000,0x000000078c700000,0x000000078d800000)
 ParOldGen       total 168448K, used 25054K [0x00000006c9000000, 0x00000006d3480000, 0x000000076db00000)
  object space 168448K, 14% used [0x00000006c9000000,0x00000006ca8779c8,0x00000006d3480000)
 Metaspace       used 62986K, capacity 68464K, committed 68776K, reserved 1107968K
  class space    used 8636K, capacity 9802K, committed 9896K, reserved 1048576K
}
Event: 1215.719 GC heap before
{Heap before GC invocations=36 (full 16):
 PSYoungGen      total 521216K, used 4406K [0x000000076db00000, 0x000000078e900000, 0x00000007c0000000)
  eden space 503808K, 0% used [0x000000076db00000,0x000000076db00000,0x000000078c700000)
  from space 17408K, 25% used [0x000000078d800000,0x000000078dc4da88,0x000000078e900000)
  to   space 17408K, 0% used [0x000000078c700000,0x000000078c700000,0x000000078d800000)
 ParOldGen       total 168448K, used 25054K [0x00000006c9000000, 0x00000006d3480000, 0x000000076db00000)
  object space 168448K, 14% used [0x00000006c9000000,0x00000006ca8779c8,0x00000006d3480000)
 Metaspace       used 62986K, capacity 68464K, committed 68776K, reserved 1107968K
  class space    used 8636K, capacity 9802K, committed 9896K, reserved 1048576K
Event: 1215.973 GC heap after
Heap after GC invocations=36 (full 16):
 PSYoungGen      total 521216K, used 0K [0x000000076db00000, 0x000000078e900000, 0x00000007c0000000)
  eden space 503808K, 0% used [0x000000076db00000,0x000000076db00000,0x000000078c700000)
  from space 17408K, 0% used [0x000000078d800000,0x000000078d800000,0x000000078e900000)
  to   space 17408K, 0% used [0x000000078c700000,0x000000078c700000,0x000000078d800000)
 ParOldGen       total 168448K, used 23371K [0x00000006c9000000, 0x00000006d3480000, 0x000000076db00000)
  object space 168448K, 13% used [0x00000006c9000000,0x00000006ca6d2e38,0x00000006d3480000)
 Metaspace       used 62984K, capacity 68458K, committed 68776K, reserved 1107968K
  class space    used 8635K, capacity 9800K, committed 9896K, reserved 1048576K
}
Event: 1233.889 GC heap before
{Heap before GC invocations=37 (full 16):
 PSYoungGen      total 521216K, used 173526K [0x000000076db00000, 0x000000078e900000, 0x00000007c0000000)
  eden space 503808K, 34% used [0x000000076db00000,0x0000000778475b28,0x000000078c700000)
  from space 17408K, 0% used [0x000000078d800000,0x000000078d800000,0x000000078e900000)
  to   space 17408K, 0% used [0x000000078c700000,0x000000078c700000,0x000000078d800000)
 ParOldGen       total 168448K, used 23371K [0x00000006c9000000, 0x00000006d3480000, 0x000000076db00000)
  object space 168448K, 13% used [0x00000006c9000000,0x00000006ca6d2e38,0x00000006d3480000)
 Metaspace       used 63198K, capacity 68718K, committed 68776K, reserved 1107968K
  class space    used 8654K, capacity 9843K, committed 9896K, reserved 1048576K
Event: 1233.893 GC heap after
Heap after GC invocations=37 (full 16):
 PSYoungGen      total 508416K, used 4264K [0x000000076db00000, 0x000000078e800000, 0x00000007c0000000)
  eden space 503808K, 0% used [0x000000076db00000,0x000000076db00000,0x000000078c700000)
  from space 4608K, 92% used [0x000000078c700000,0x000000078cb2a2e8,0x000000078cb80000)
  to   space 16896K, 0% used [0x000000078d780000,0x000000078d780000,0x000000078e800000)
 ParOldGen       total 168448K, used 23379K [0x00000006c9000000, 0x00000006d3480000, 0x000000076db00000)
  object space 168448K, 13% used [0x00000006c9000000,0x00000006ca6d4e38,0x00000006d3480000)
 Metaspace       used 63198K, capacity 68718K, committed 68776K, reserved 1107968K
  class space    used 8654K, capacity 9843K, committed 9896K, reserved 1048576K
}
Event: 1233.893 GC heap before
{Heap before GC invocations=38 (full 17):
 PSYoungGen      total 508416K, used 4264K [0x000000076db00000, 0x000000078e800000, 0x00000007c0000000)
  eden space 503808K, 0% used [0x000000076db00000,0x000000076db00000,0x000000078c700000)
  from space 4608K, 92% used [0x000000078c700000,0x000000078cb2a2e8,0x000000078cb80000)
  to   space 16896K, 0% used [0x000000078d780000,0x000000078d780000,0x000000078e800000)
 ParOldGen       total 168448K, used 23379K [0x00000006c9000000, 0x00000006d3480000, 0x000000076db00000)
  object space 168448K, 13% used [0x00000006c9000000,0x00000006ca6d4e38,0x00000006d3480000)
 Metaspace       used 63198K, capacity 68718K, committed 68776K, reserved 1107968K
  class space    used 8654K, capacity 9843K, committed 9896K, reserved 1048576K
Event: 1234.015 GC heap after
Heap after GC invocations=38 (full 17):
 PSYoungGen      total 508416K, used 0K [0x000000076db00000, 0x000000078e800000, 0x00000007c0000000)
  eden space 503808K, 0% used [0x000000076db00000,0x000000076db00000,0x000000078c700000)
  from space 4608K, 0% used [0x000000078c700000,0x000000078c700000,0x000000078cb80000)
  to   space 16896K, 0% used [0x000000078d780000,0x000000078d780000,0x000000078e800000)
 ParOldGen       total 168448K, used 23557K [0x00000006c9000000, 0x00000006d3480000, 0x000000076db00000)
  object space 168448K, 13% used [0x00000006c9000000,0x00000006ca7016f8,0x00000006d3480000)
 Metaspace       used 63196K, capacity 68712K, committed 68776K, reserved 1107968K
  class space    used 8654K, capacity 9841K, committed 9896K, reserved 1048576K
}
Event: 1305.439 GC heap before
{Heap before GC invocations=39 (full 17):
 PSYoungGen      total 508416K, used 503808K [0x000000076db00000, 0x000000078e800000, 0x00000007c0000000)
  eden space 503808K, 100% used [0x000000076db00000,0x000000078c700000,0x000000078c700000)
  from space 4608K, 0% used [0x000000078c700000,0x000000078c700000,0x000000078cb80000)
  to   space 16896K, 0% used [0x000000078d780000,0x000000078d780000,0x000000078e800000)
 ParOldGen       total 168448K, used 23557K [0x00000006c9000000, 0x00000006d3480000, 0x000000076db00000)
  object space 168448K, 13% used [0x00000006c9000000,0x00000006ca7016f8,0x00000006d3480000)
 Metaspace       used 63925K, capacity 69662K, committed 69928K, reserved 1110016K
  class space    used 8728K, capacity 10007K, committed 10024K, reserved 1048576K
Event: 1305.462 GC heap after
Heap after GC invocations=39 (full 17):
 PSYoungGen      total 518656K, used 15182K [0x000000076db00000, 0x0000000798300000, 0x00000007c0000000)
  eden space 501760K, 0% used [0x000000076db00000,0x000000076db00000,0x000000078c500000)
  from space 16896K, 89% used [0x000000078d780000,0x000000078e6538b0,0x000000078e800000)
  to   space 18944K, 0% used [0x000000078c500000,0x000000078c500000,0x000000078d780000)
 ParOldGen       total 168448K, used 23565K [0x00000006c9000000, 0x00000006d3480000, 0x000000076db00000)
  object space 168448K, 13% used [0x00000006c9000000,0x00000006ca7036f8,0x00000006d3480000)
 Metaspace       used 63925K, capacity 69662K, committed 69928K, reserved 1110016K
  class space    used 8728K, capacity 10007K, committed 10024K, reserved 1048576K
}

